[INFO] Scanning for projects...
[INFO] 
[INFO] -----------------------< com.app.demo:midestino >-----------------------
[INFO] Building midestino 0.0.1-SNAPSHOT
[INFO]   from pom.xml
[INFO] --------------------------------[ jar ]---------------------------------
[INFO] 
[INFO] >>> spring-boot:3.5.7:run (default-cli) > test-compile @ midestino >>>
[INFO] 
[INFO] --- resources:3.3.1:resources (default-resources) @ midestino ---
[INFO] Copying 1 resource from src\main\resources to target\classes
[INFO] Copying 0 resource from src\main\resources to target\classes
[INFO] 
[INFO] --- compiler:3.14.1:compile (default-compile) @ midestino ---
[INFO] Nothing to compile - all classes are up to date.
[INFO] 
[INFO] --- resources:3.3.1:testResources (default-testResources) @ midestino ---
[INFO] skip non existing resourceDirectory C:\Users\Martin Elias\Desktop\midestino\src\test\resources
[INFO] 
[INFO] --- compiler:3.14.1:testCompile (default-testCompile) @ midestino ---
[INFO] Nothing to compile - all classes are up to date.
[INFO] 
[INFO] <<< spring-boot:3.5.7:run (default-cli) < test-compile @ midestino <<<
[INFO] 
[INFO] 
[INFO] --- spring-boot:3.5.7:run (default-cli) @ midestino ---
[INFO] Attaching agents: []

  .   ____          _            __ _ _
 /\\ / ___'_ __ _ _(_)_ __  __ _ \ \ \ \
( ( )\___ | '_ | '_| | '_ \/ _` | \ \ \ \
 \\/  ___)| |_)| | | | | || (_| |  ) ) ) )
  '  |____| .__|_| |_|_| |_\__, | / / / /
 =========|_|==============|___/=/_/_/_/

 :: Spring Boot ::                (v3.5.7)

2025-10-31T12:13:58.418-05:00  INFO 14472 --- [midestino] [           main] com.app.demo.MidestinoApplication        : Starting MidestinoApplication using Java 21.0.8 with PID 14472 (C:\Users\Martin Elias\Desktop\midestino\target\classes started by Martin Elias in C:\Users\Martin Elias\Desktop\midestino)
2025-10-31T12:13:58.424-05:00  INFO 14472 --- [midestino] [           main] com.app.demo.MidestinoApplication        : No active profile set, falling back to 1 default profile: "default"
2025-10-31T12:14:01.136-05:00  INFO 14472 --- [midestino] [           main] .s.d.r.c.RepositoryConfigurationDelegate : Bootstrapping Spring Data JPA repositories in DEFAULT mode.
2025-10-31T12:14:01.411-05:00  INFO 14472 --- [midestino] [           main] .s.d.r.c.RepositoryConfigurationDelegate : Finished Spring Data repository scanning in 231 ms. Found 7 JPA repository interfaces.
2025-10-31T12:14:02.349-05:00  INFO 14472 --- [midestino] [           main] o.s.b.w.embedded.tomcat.TomcatWebServer  : Tomcat initialized with port 9999 (http)
2025-10-31T12:14:02.370-05:00  INFO 14472 --- [midestino] [           main] o.apache.catalina.core.StandardService   : Starting service [Tomcat]
2025-10-31T12:14:02.371-05:00  INFO 14472 --- [midestino] [           main] o.apache.catalina.core.StandardEngine    : Starting Servlet engine: [Apache Tomcat/10.1.48]
2025-10-31T12:14:02.447-05:00  INFO 14472 --- [midestino] [           main] o.a.c.c.C.[Tomcat].[localhost].[/]       : Initializing Spring embedded WebApplicationContext
2025-10-31T12:14:02.449-05:00  INFO 14472 --- [midestino] [           main] w.s.c.ServletWebServerApplicationContext : Root WebApplicationContext: initialization completed in 3878 ms
2025-10-31T12:14:02.818-05:00  INFO 14472 --- [midestino] [           main] o.hibernate.jpa.internal.util.LogHelper  : HHH000204: Processing PersistenceUnitInfo [name: default]
2025-10-31T12:14:02.945-05:00  INFO 14472 --- [midestino] [           main] org.hibernate.Version                    : HHH000412: Hibernate ORM core version 6.6.33.Final
2025-10-31T12:14:03.037-05:00  INFO 14472 --- [midestino] [           main] o.h.c.internal.RegionFactoryInitiator    : HHH000026: Second-level cache disabled
2025-10-31T12:14:04.222-05:00  INFO 14472 --- [midestino] [           main] o.s.o.j.p.SpringPersistenceUnitInfo      : No LoadTimeWeaver setup: ignoring JPA class transformer
2025-10-31T12:14:04.271-05:00  INFO 14472 --- [midestino] [           main] com.zaxxer.hikari.HikariDataSource       : HikariPool-1 - Starting...
2025-10-31T12:14:05.901-05:00  INFO 14472 --- [midestino] [           main] com.zaxxer.hikari.pool.HikariPool        : HikariPool-1 - Added connection com.mysql.cj.jdbc.ConnectionImpl@da22aa
2025-10-31T12:14:05.913-05:00  INFO 14472 --- [midestino] [           main] com.zaxxer.hikari.HikariDataSource       : HikariPool-1 - Start completed.
2025-10-31T12:14:06.386-05:00  INFO 14472 --- [midestino] [           main] org.hibernate.orm.connections.pooling    : HHH10001005: Database info:
	Database JDBC URL [Connecting through datasource 'HikariDataSource (HikariPool-1)']
	Database driver: undefined/unknown
	Database version: 8.0.44
	Autocommit mode: undefined/unknown
	Isolation level: undefined/unknown
	Minimum pool size: undefined/unknown
	Maximum pool size: undefined/unknown
2025-10-31T12:14:08.534-05:00  INFO 14472 --- [midestino] [           main] o.h.e.t.j.p.i.JtaPlatformInitiator       : HHH000489: No JTA platform available (set 'hibernate.transaction.jta.platform' to enable JTA platform integration)
2025-10-31T12:14:08.834-05:00  INFO 14472 --- [midestino] [           main] j.LocalContainerEntityManagerFactoryBean : Initialized JPA EntityManagerFactory for persistence unit 'default'
2025-10-31T12:14:09.648-05:00  INFO 14472 --- [midestino] [           main] o.s.d.j.r.query.QueryEnhancerFactory     : Hibernate is in classpath; If applicable, HQL parser will be used.
2025-10-31T12:14:11.295-05:00  WARN 14472 --- [midestino] [           main] JpaBaseConfiguration$JpaWebConfiguration : spring.jpa.open-in-view is enabled by default. Therefore, database queries may be performed during view rendering. Explicitly configure spring.jpa.open-in-view to disable this warning
2025-10-31T12:14:11.644-05:00  INFO 14472 --- [midestino] [           main] o.s.b.w.embedded.tomcat.TomcatWebServer  : Tomcat started on port 9999 (http) with context path '/'
2025-10-31T12:14:11.653-05:00  INFO 14472 --- [midestino] [           main] com.app.demo.MidestinoApplication        : Started MidestinoApplication in 14.45 seconds (process running for 15.451)
2025-10-31T12:14:35.382-05:00  INFO 14472 --- [midestino] [nio-9999-exec-1] o.a.c.c.C.[Tomcat].[localhost].[/]       : Initializing Spring DispatcherServlet 'dispatcherServlet'
2025-10-31T12:14:35.383-05:00  INFO 14472 --- [midestino] [nio-9999-exec-1] o.s.web.servlet.DispatcherServlet        : Initializing Servlet 'dispatcherServlet'
2025-10-31T12:14:35.384-05:00  INFO 14472 --- [midestino] [nio-9999-exec-1] o.s.web.servlet.DispatcherServlet        : Completed initialization in 1 ms
Hibernate: select pe1_0.id,pe1_0.cantidad_disponible,pe1_0.direccion,pe1_0.disponible,pe1_0.email,pe1_0.id_empresa,pe1_0.fecha_registro,pe1_0.horario,pe1_0.imagen_url,pe1_0.informacion_general,pe1_0.metodo_pago,pe1_0.nombre,pe1_0.pais,pe1_0.personas_disponibles,pe1_0.precio,pe1_0.telefono,pe1_0.tipo_sitio,pe1_0.valoracion_promedio from planes_empresas pe1_0 left join empresas e1_0 on e1_0.id_empresa=pe1_0.id_empresa where pe1_0.disponible and upper(e1_0.ciudad)=upper(?)
Hibernate: select e1_0.id_empresa,e1_0.rut,e1_0.cargo_propietario,e1_0.certificado_existencia,e1_0.ciudad,e1_0.confirmación,e1_0.contrasena,e1_0.correo,e1_0.direccion,e1_0.empresa_fue_aceptada,e1_0.empresa_fue_aceptada_por_admin,e1_0.empresa_tuvo_respuesta,e1_0.entidad_registro,e1_0.estados_financieros,e1_0.fecha_firma,e1_0.fecha_fundacion,e1_0.fecha_registro,e1_0.firma_representante_legal,e1_0.foto_perfil,e1_0.ganancias,e1_0.nit,e1_0.nombre,e1_0.nombre_propietario_principal,e1_0.nombre_representante_legal,e1_0.notaria_registro,e1_0.numero_documento_representante_legal,e1_0.numero_registro_mercantil,e1_0.otros_documentos_legales,e1_0.razon_social,e1_0.sector,e1_0.telefono,e1_0.tipo_sociedad,e1_0.tipo_usuario,e1_0.web from empresas e1_0 where e1_0.id_empresa=?
Hibernate: select pe1_0.id,pe1_0.cantidad_disponible,pe1_0.direccion,pe1_0.disponible,pe1_0.email,pe1_0.id_empresa,pe1_0.fecha_registro,pe1_0.horario,pe1_0.imagen_url,pe1_0.informacion_general,pe1_0.metodo_pago,pe1_0.nombre,pe1_0.pais,pe1_0.personas_disponibles,pe1_0.precio,pe1_0.telefono,pe1_0.tipo_sitio,pe1_0.valoracion_promedio from planes_empresas pe1_0 left join empresas e1_0 on e1_0.id_empresa=pe1_0.id_empresa where pe1_0.disponible and upper(e1_0.ciudad) like upper(?) escape '\\'
Hibernate: select pe1_0.id,pe1_0.cantidad_disponible,pe1_0.direccion,pe1_0.disponible,pe1_0.email,pe1_0.id_empresa,pe1_0.fecha_registro,pe1_0.horario,pe1_0.imagen_url,pe1_0.informacion_general,pe1_0.metodo_pago,pe1_0.nombre,pe1_0.pais,pe1_0.personas_disponibles,pe1_0.precio,pe1_0.telefono,pe1_0.tipo_sitio,pe1_0.valoracion_promedio from planes_empresas pe1_0 where pe1_0.disponible and upper(pe1_0.direccion) like upper(?) escape '\\'
Hibernate: select vp1_0.id,vp1_0.cliente_id,vp1_0.comentario,vp1_0.fecha,vp1_0.plan_empresa_id,vp1_0.puntuacion from valoraciones vp1_0 left join planes_empresas pe1_0 on pe1_0.id=vp1_0.plan_empresa_id where pe1_0.id=?
Hibernate: select c1_0.id_cliente,c1_0.contrasena,c1_0.email,c1_0.foto_perfil,c1_0.nombre_completo,c1_0.nombre_usuario,c1_0.numero_documento,c1_0.numero_telefono,c1_0.presupuesto,c1_0.tipo_documento,c1_0.tipo_usuario from clientes c1_0 where c1_0.id_cliente=?
Hibernate: select vp1_0.id,vp1_0.cliente_id,vp1_0.comentario,vp1_0.fecha,vp1_0.plan_empresa_id,vp1_0.puntuacion from valoraciones vp1_0 left join planes_empresas pe1_0 on pe1_0.id=vp1_0.plan_empresa_id where pe1_0.id=?
Hibernate: select c1_0.id_cliente,c1_0.contrasena,c1_0.email,c1_0.foto_perfil,c1_0.nombre_completo,c1_0.nombre_usuario,c1_0.numero_documento,c1_0.numero_telefono,c1_0.presupuesto,c1_0.tipo_documento,c1_0.tipo_usuario from clientes c1_0 where c1_0.id_cliente=?
^C